
> hyrox-companion@1.0.0 dev /app
> NODE_ENV=development tsx server/index.ts

[2026-03-23 01:40:21.207 +0000] [31mERROR[39m: [36mSchema migration check failed[39m
    [35mcontext[39m: "db"
    err: {
      "type": "AggregateError",
      "message": "",
      "stack":
          AggregateError [ECONNREFUSED]:
              at /app/node_modules/.pnpm/pg-pool@3.13.0_pg@8.20.0/node_modules/pg-pool/index.js:45:11
              at process.processTicksAndRejections (node:internal/process/task_queues:103:5)
              at async ensureSchemaUpToDate (/app/server/maintenance.ts:9:14)
              at async runStartupMaintenance (/app/server/maintenance.ts:125:3)
              at async <anonymous> (/app/server/index.ts:155:1)
      "aggregateErrors": [
        {
          "type": "Error",
          "message": "connect ECONNREFUSED ::1:5432",
          "stack":
              Error: connect ECONNREFUSED ::1:5432
                  at createConnectionError (node:net:1678:14)
                  at afterConnectMultiple (node:net:1708:16)
          "errno": -111,
          "code": "ECONNREFUSED",
          "syscall": "connect",
          "address": "::1",
          "port": 5432
        },
        {
          "type": "Error",
          "message": "connect ECONNREFUSED 127.0.0.1:5432",
          "stack":
              Error: connect ECONNREFUSED 127.0.0.1:5432
                  at createConnectionError (node:net:1678:14)
                  at afterConnectMultiple (node:net:1708:16)
          "errno": -111,
          "code": "ECONNREFUSED",
          "syscall": "connect",
          "address": "127.0.0.1",
          "port": 5432
        }
      ],
      "code": "ECONNREFUSED"
    }
[2026-03-23 01:40:21.212 +0000] [32mINFO[39m: [36mOrphaned data cleanup skipped: AggregateError[39m
    [35mcontext[39m: "db"
[2026-03-23 01:40:21.217 +0000] [32mINFO[39m: [36mMark missed days skipped: Error: Failed query: update "plan_days" set "status" = $1 where ("plan_days"."status" = $2 and "plan_days"."scheduled_date" < $3) returning "id"
params: missed,planned,2026-03-23[39m
    [35mcontext[39m: "db"
[2026-03-23 01:40:21.217 +0000] [32mINFO[39m: [36mStarting pg-boss queue...[39m
/app/node_modules/.pnpm/pg-pool@3.13.0_pg@8.20.0/node_modules/pg-pool/index.js:45
    Error.captureStackTrace(err)
          ^

AggregateError [ECONNREFUSED]:
    at /app/node_modules/.pnpm/pg-pool@3.13.0_pg@8.20.0/node_modules/pg-pool/index.js:45:11
    at process.processTicksAndRejections (node:internal/process/task_queues:103:5)
    at async Db.executeSql (file:///app/node_modules/.pnpm/pg-boss@12.14.0/node_modules/pg-boss/dist/db.js:43:16)
    at async Contractor.isInstalled (file:///app/node_modules/.pnpm/pg-boss@12.14.0/node_modules/pg-boss/dist/contractor.js:29:24)
    at async Contractor.start (file:///app/node_modules/.pnpm/pg-boss@12.14.0/node_modules/pg-boss/dist/contractor.js:33:27)
    at async PgBoss.start (file:///app/node_modules/.pnpm/pg-boss@12.14.0/node_modules/pg-boss/dist/index.js:82:13)
    at async startQueue (/app/server/queue.ts:20:3)
    at async <anonymous> (/app/server/index.ts:156:1) {
  code: 'ECONNREFUSED',
  [errors]: [
    Error: connect ECONNREFUSED ::1:5432
        at createConnectionError (node:net:1678:14)
        at afterConnectMultiple (node:net:1708:16) {
      errno: -111,
      code: 'ECONNREFUSED',
      syscall: 'connect',
      address: '::1',
      port: 5432
    },
    Error: connect ECONNREFUSED 127.0.0.1:5432
        at createConnectionError (node:net:1678:14)
        at afterConnectMultiple (node:net:1708:16) {
      errno: -111,
      code: 'ECONNREFUSED',
      syscall: 'connect',
      address: '127.0.0.1',
      port: 5432
    }
  ]
}

Node.js v22.22.1
 ELIFECYCLE  Command failed with exit code 1.
